<?xml version="1.0" encoding="UTF-8"?>
<!-- Generated by org.testng.reporters.JUnitXMLReporter -->
<testsuite ignored="0" hostname="NUV-5CG1152V3W" failures="0" tests="2" name="Add / Remove Items tests" time="11.112" errors="0" timestamp="2023-01-25T14:17:37 EET">
  <testcase classname="ShoppingTests.TESTS_ShoppingCartAddRemoveItems" name="t1_shoppingCartVerificationAndRemoveProducts" time="5.681"/>
  <testcase classname="ShoppingTests.TESTS_ShoppingCartAddRemoveItems" name="t2_shopingCart_AddMultipleItemsVerification" time="4.343"/>
</testsuite> <!-- Add / Remove Items tests -->
