<?xml version="1.0" encoding="UTF-8"?>
<!-- Generated by org.testng.reporters.JUnitXMLReporter -->
<testsuite ignored="1" hostname="NUV-5CG1152V3W" failures="0" tests="5" name="Home Page Tests" time="14.845" errors="0" timestamp="2023-01-25T17:24:49 EET">
  <testcase classname="ShoppingTests.TESTS_HomePage" name="t1_verify_HomePageElements" time="3.888"/>
  <testcase classname="ShoppingTests.TESTS_HomePage" name="t2_SearchField_verifyAutoSuggestResults" time="1.684"/>
  <testcase classname="ShoppingTests.TESTS_HomePage" name="t2_SearchField_verifyAutoSuggestResults" time="1.573"/>
  <testcase classname="ShoppingTests.TESTS_HomePage" name="t3_search_ProductInTheSearchFieldAndVerifyResults" time="3.04"/>
  <testcase classname="ShoppingTests.TESTS_HomePage" name="t3_search_ProductInTheSearchFieldAndVerifyResults" time="2.426"/>
  <testcase classname="ShoppingTests.TESTS_HomePage" name="t5" time="0.0">
    <ignored/>
  </testcase> <!-- t5 -->
</testsuite> <!-- Home Page Tests -->
