<?xml version="1.0" encoding="UTF-8"?>
<!-- Generated by org.testng.reporters.JUnitXMLReporter -->
<testsuite ignored="0" hostname="NUV-5CG1152V3W" failures="0" tests="6" name="HOME PAGE TESTS" time="13.241" errors="0" timestamp="2023-01-24T10:28:38 EET">
  <testcase classname="ShoppingTests.LAMBDA_TESTS_HomePage" name="t1_verifyLambdaTest_HomePageElements" time="3.337"/>
  <testcase classname="ShoppingTests.LAMBDA_TESTS_HomePage" name="t2_SearchField_verifyAutoSuggestResults" time="1.347"/>
  <testcase classname="ShoppingTests.LAMBDA_TESTS_HomePage" name="t2_SearchField_verifyAutoSuggestResults" time="1.267"/>
  <testcase classname="ShoppingTests.LAMBDA_TESTS_HomePage" name="t3_search_ProductInTheSearchFieldAndVerifyResults" time="2.623"/>
  <testcase classname="ShoppingTests.LAMBDA_TESTS_HomePage" name="t3_search_ProductInTheSearchFieldAndVerifyResults" time="2.163"/>
  <testcase classname="ShoppingTests.LAMBDA_TESTS_HomePage" name="t5" time="0.8"/>
</testsuite> <!-- HOME PAGE TESTS -->
