<?xml version="1.0" encoding="UTF-8"?>
<!-- Generated by org.testng.reporters.JUnitXMLReporter -->
<testsuite ignored="2" hostname="NUV-5CG1152V3W" failures="0" tests="1" name="Purchase - Registered Account from country having VAT" time="17.159" errors="0" timestamp="2023-01-25T14:17:54 EET">
  <testcase classname="ShoppingTests.TESTS_PurchaseRegisteredAccount_VAT" name="CheckoutItem_With_VAT" time="16.068"/>
  <testcase classname="ShoppingTests.TESTS_PurchaseRegisteredAccount_VAT" name="ggg" time="0.0">
    <ignored/>
  </testcase> <!-- ggg -->
  <testcase classname="ShoppingTests.TESTS_PurchaseRegisteredAccount_VAT" name="TBD" time="0.0">
    <ignored/>
  </testcase> <!-- TBD -->
</testsuite> <!-- Purchase - Registered Account from country having VAT -->
