<?xml version="1.0" encoding="UTF-8"?>
<!-- Generated by org.testng.reporters.JUnitXMLReporter -->
<testsuite ignored="0" hostname="NUV-5CG1152V3W" failures="0" tests="1" name="Purchase - Registered Account from country Not having VAT" time="27.72" errors="0" timestamp="2023-01-25T14:18:22 EET">
  <testcase classname="ShoppingTests.TESTS_PurchaseRegisteredAccount_NO_VAT" name="t3_CheckoutItem_Without_VAT" time="26.631"/>
</testsuite> <!-- Purchase - Registered Account from country Not having VAT -->
