<?xml version="1.0" encoding="UTF-8"?>
<!-- Generated by org.testng.reporters.JUnitXMLReporter -->
<testsuite ignored="0" hostname="NUV-5CG1152V3W" failures="0" tests="4" name="SHOPPING CART TESTS" time="21.996" errors="0" timestamp="2023-01-24T10:29:00 EET">
  <testcase classname="ShoppingTests.LAMBDA_TESTS_ShoppingCartRegisterAccount" name="d1" time="0.002"/>
  <testcase classname="ShoppingTests.LAMBDA_TESTS_ShoppingCartRegisterAccount" name="t1_shoppingCartVerificationAndRemoveProducts" time="6.011"/>
  <testcase classname="ShoppingTests.LAMBDA_TESTS_ShoppingCartRegisterAccount" name="t2_shopingCart_AddMultipleItemsVerification" time="4.575"/>
  <testcase classname="ShoppingTests.LAMBDA_TESTS_ShoppingCartRegisterAccount" name="t3_CheckoutItem" time="10.335"/>
</testsuite> <!-- SHOPPING CART TESTS -->
