<?xml version="1.0" encoding="UTF-8"?>
<testng-results ignored="5" total="19" passed="14" failed="0" skipped="0">
  <reporter-output>
    <line>
      <![CDATA[Suite Start : Suite]]>
    </line>
    <line>
      <![CDATA[Test  detected: Home Page Tests]]>
    </line>
    <line>
      <![CDATA[Class detected: ShoppingTests.TESTS_HomePage]]>
    </line>
    <line>
      <![CDATA[Test  detected: Login Tests]]>
    </line>
    <line>
      <![CDATA[Class detected: ShoppingTests.TESTS_Login]]>
    </line>
    <line>
      <![CDATA[Test  detected: Purchase with logged user test]]>
    </line>
    <line>
      <![CDATA[Class detected: ShoppingTests.TESTS_PurchaseWithLoggedUser]]>
    </line>
    <line>
      <![CDATA[Test  detected: Add / Remove Items tests]]>
    </line>
    <line>
      <![CDATA[Class detected: ShoppingTests.TESTS_ShoppingCartAddRemoveItems]]>
    </line>
    <line>
      <![CDATA[Test  detected: Purchase - Registered Account from country having VAT]]>
    </line>
    <line>
      <![CDATA[Class detected: ShoppingTests.TESTS_PurchaseRegisteredAccount_VAT]]>
    </line>
    <line>
      <![CDATA[Test  detected: Purchase - Registered Account from country Not having VAT]]>
    </line>
    <line>
      <![CDATA[Class detected: ShoppingTests.TESTS_PurchaseRegisteredAccount_NO_VAT]]>
    </line>
    <line>
      <![CDATA[Test  detected: Purchase - Guest Account from country Not having VAT]]>
    </line>
    <line>
      <![CDATA[Class detected: ShoppingTests.TESTS_PurchaseGuest_NO_VAT]]>
    </line>
    <line>
      <![CDATA[Test  detected: Purchase - Guest Account from country having VAT]]>
    </line>
    <line>
      <![CDATA[Class detected: ShoppingTests.TESTS_PurchaseGuest_VAT]]>
    </line>
    <line>
      <![CDATA[]]>
    </line>
    <line>
      <![CDATA[Home Page Tests Starts]]>
    </line>
    <line>
      <![CDATA[chrome is Initialised]]>
    </line>
    <line>
      <![CDATA[Starting test method:t1_verify_HomePageElements]]>
    </line>
    <line>
      <![CDATA[Successfully opened url 'https://ecommerce-playground.lambdatest.io/index.php?route=common/home']]>
    </line>
    <line>
      <![CDATA[t1_verify_HomePageElements is Passed]]>
    </line>
    <line>
      <![CDATA[Starting test method:t2_SearchField_verifyAutoSuggestResults]]>
    </line>
    <line>
      <![CDATA[Successfully opened url 'https://ecommerce-playground.lambdatest.io/index.php?route=common/home']]>
    </line>
    <line>
      <![CDATA[ Enter value : HTC Touch HD]]>
    </line>
    <line>
      <![CDATA[t2_SearchField_verifyAutoSuggestResults is Passed]]>
    </line>
    <line>
      <![CDATA[Starting test method:t2_SearchField_verifyAutoSuggestResults]]>
    </line>
    <line>
      <![CDATA[Successfully opened url 'https://ecommerce-playground.lambdatest.io/index.php?route=common/home']]>
    </line>
    <line>
      <![CDATA[ Enter value : Palm Treo Pro]]>
    </line>
    <line>
      <![CDATA[t2_SearchField_verifyAutoSuggestResults is Passed]]>
    </line>
    <line>
      <![CDATA[Starting test method:t3_search_ProductInTheSearchFieldAndVerifyResults]]>
    </line>
    <line>
      <![CDATA[Successfully opened url 'https://ecommerce-playground.lambdatest.io/index.php?route=common/home']]>
    </line>
    <line>
      <![CDATA[ Enter value : Palm Treo Pro]]>
    </line>
    <line>
      <![CDATA[t3_search_ProductInTheSearchFieldAndVerifyResults is Passed]]>
    </line>
    <line>
      <![CDATA[Starting test method:t3_search_ProductInTheSearchFieldAndVerifyResults]]>
    </line>
    <line>
      <![CDATA[Successfully opened url 'https://ecommerce-playground.lambdatest.io/index.php?route=common/home']]>
    </line>
    <line>
      <![CDATA[ Enter value : HTC Touch HD]]>
    </line>
    <line>
      <![CDATA[t3_search_ProductInTheSearchFieldAndVerifyResults is Passed]]>
    </line>
    <line>
      <![CDATA[Home Page Tests Finish]]>
    </line>
    <line>
      <![CDATA[Login Tests Starts]]>
    </line>
    <line>
      <![CDATA[chrome is Initialised]]>
    </line>
    <line>
      <![CDATA[Starting test method:t1_Login_Valid_UserCredentials]]>
    </line>
    <line>
      <![CDATA[Successfully opened url 'https://ecommerce-playground.lambdatest.io/index.php?route=account/login']]>
    </line>
    <line>
      <![CDATA[ Enter value : plamen.tanev31@gmail.com]]>
    </line>
    <line>
      <![CDATA[ Enter value : 1234]]>
    </line>
    <line>
      <![CDATA[t1_Login_Valid_UserCredentials is Passed]]>
    </line>
    <line>
      <![CDATA[Starting test method:t2_Login_Invalid_UserCredentials]]>
    </line>
    <line>
      <![CDATA[Successfully opened url 'https://ecommerce-playground.lambdatest.io/index.php?route=account/login']]>
    </line>
    <line>
      <![CDATA[ Enter value : plamen.tanev31@gmail.com]]>
    </line>
    <line>
      <![CDATA[ Enter value : 5555]]>
    </line>
    <line>
      <![CDATA[t2_Login_Invalid_UserCredentials is Passed]]>
    </line>
    <line>
      <![CDATA[Login Tests Finish]]>
    </line>
    <line>
      <![CDATA[Purchase with logged user test Starts]]>
    </line>
    <line>
      <![CDATA[chrome is Initialised]]>
    </line>
    <line>
      <![CDATA[Starting test method:LoginAndPurchase]]>
    </line>
    <line>
      <![CDATA[Successfully opened url 'https://ecommerce-playground.lambdatest.io/index.php?route=account/login']]>
    </line>
    <line>
      <![CDATA[ Enter value : HTC Touch HD]]>
    </line>
    <line>
      <![CDATA[ Enter value : testFNdpz]]>
    </line>
    <line>
      <![CDATA[ Enter value : testLNdlv]]>
    </line>
    <line>
      <![CDATA[ Enter value : testEmailobk@test.com]]>
    </line>
    <line>
      <![CDATA[ Enter value : +359123456789]]>
    </line>
    <line>
      <![CDATA[ Enter value : 1234]]>
    </line>
    <line>
      <![CDATA[ Enter value : 1234]]>
    </line>
    <line>
      <![CDATA[ Enter value : CompanyTestwts]]>
    </line>
    <line>
      <![CDATA[ Enter value : address1_buz]]>
    </line>
    <line>
      <![CDATA[ Enter value : address2_oxj]]>
    </line>
    <line>
      <![CDATA[ Enter value : Sofia]]>
    </line>
    <line>
      <![CDATA[ Enter value : 1111]]>
    </line>
    <line>
      <![CDATA[Text : VAT (20%): - is Verified]]>
    </line>
    <line>
      <![CDATA[LoginAndPurchase is Passed]]>
    </line>
    <line>
      <![CDATA[Purchase with logged user test Finish]]>
    </line>
    <line>
      <![CDATA[Add / Remove Items tests Starts]]>
    </line>
    <line>
      <![CDATA[chrome is Initialised]]>
    </line>
    <line>
      <![CDATA[Starting test method:t1_shoppingCartVerificationAndRemoveProducts]]>
    </line>
    <line>
      <![CDATA[Successfully opened url 'https://ecommerce-playground.lambdatest.io/index.php?route=common/home']]>
    </line>
    <line>
      <![CDATA[ Enter value : HTC Touch HD]]>
    </line>
    <line>
      <![CDATA[Text : Checkout - is Verified]]>
    </line>
    <line>
      <![CDATA[Text : View Cart - is Verified]]>
    </line>
    <line>
      <![CDATA[Page title  is Verified]]>
    </line>
    <line>
      <![CDATA[Text : IMAGE - is Verified]]>
    </line>
    <line>
      <![CDATA[Text : PRODUCT NAME - is Verified]]>
    </line>
    <line>
      <![CDATA[Text : MODEL - is Verified]]>
    </line>
    <line>
      <![CDATA[Text : QUANTITY - is Verified]]>
    </line>
    <line>
      <![CDATA[Text : UNIT PRICE - is Verified]]>
    </line>
    <line>
      <![CDATA[Text : TOTAL - is Verified]]>
    </line>
    <line>
      <![CDATA[t1_shoppingCartVerificationAndRemoveProducts is Passed]]>
    </line>
    <line>
      <![CDATA[Starting test method:t2_shopingCart_AddMultipleItemsVerification]]>
    </line>
    <line>
      <![CDATA[Successfully opened url 'https://ecommerce-playground.lambdatest.io/index.php?route=common/home']]>
    </line>
    <line>
      <![CDATA[ Enter value : HTC Touch HD]]>
    </line>
    <line>
      <![CDATA[t2_shopingCart_AddMultipleItemsVerification is Passed]]>
    </line>
    <line>
      <![CDATA[Add / Remove Items tests Finish]]>
    </line>
    <line>
      <![CDATA[Purchase - Registered Account from country having VAT Starts]]>
    </line>
    <line>
      <![CDATA[chrome is Initialised]]>
    </line>
    <line>
      <![CDATA[Starting test method:CheckoutItem_With_VAT]]>
    </line>
    <line>
      <![CDATA[Successfully opened url 'https://ecommerce-playground.lambdatest.io/index.php?route=common/home']]>
    </line>
    <line>
      <![CDATA[ Enter value : HTC Touch HD]]>
    </line>
    <line>
      <![CDATA[ Enter value : testFNktc]]>
    </line>
    <line>
      <![CDATA[ Enter value : testLNgom]]>
    </line>
    <line>
      <![CDATA[ Enter value : testEmailxxk@test.com]]>
    </line>
    <line>
      <![CDATA[ Enter value : +359123456789]]>
    </line>
    <line>
      <![CDATA[ Enter value : 1234]]>
    </line>
    <line>
      <![CDATA[ Enter value : 1234]]>
    </line>
    <line>
      <![CDATA[ Enter value : CompanyTestdud]]>
    </line>
    <line>
      <![CDATA[ Enter value : address1_prr]]>
    </line>
    <line>
      <![CDATA[ Enter value : address2_hmr]]>
    </line>
    <line>
      <![CDATA[ Enter value : Sofia]]>
    </line>
    <line>
      <![CDATA[ Enter value : 1111]]>
    </line>
    <line>
      <![CDATA[Text : VAT (20%): - is Verified]]>
    </line>
    <line>
      <![CDATA[CheckoutItem_With_VAT is Passed]]>
    </line>
    <line>
      <![CDATA[Purchase - Registered Account from country having VAT Finish]]>
    </line>
    <line>
      <![CDATA[Purchase - Registered Account from country Not having VAT Starts]]>
    </line>
    <line>
      <![CDATA[chrome is Initialised]]>
    </line>
    <line>
      <![CDATA[Starting test method:CheckoutItem_Without_VAT]]>
    </line>
    <line>
      <![CDATA[Successfully opened url 'https://ecommerce-playground.lambdatest.io/index.php?route=common/home']]>
    </line>
    <line>
      <![CDATA[ Enter value : HTC Touch HD]]>
    </line>
    <line>
      <![CDATA[ Enter value : testFNklt]]>
    </line>
    <line>
      <![CDATA[ Enter value : testLNvxr]]>
    </line>
    <line>
      <![CDATA[ Enter value : testEmailmts@test.com]]>
    </line>
    <line>
      <![CDATA[ Enter value : +359123456789]]>
    </line>
    <line>
      <![CDATA[ Enter value : 1234]]>
    </line>
    <line>
      <![CDATA[ Enter value : 1234]]>
    </line>
    <line>
      <![CDATA[ Enter value : CompanyTestnrv]]>
    </line>
    <line>
      <![CDATA[ Enter value : address1_ocn]]>
    </line>
    <line>
      <![CDATA[ Enter value : address2_otl]]>
    </line>
    <line>
      <![CDATA[ Enter value : Sofia]]>
    </line>
    <line>
      <![CDATA[ Enter value : 1111]]>
    </line>
    <line>
      <![CDATA[CheckoutItem_Without_VAT is Passed]]>
    </line>
    <line>
      <![CDATA[Purchase - Registered Account from country Not having VAT Finish]]>
    </line>
    <line>
      <![CDATA[Purchase - Guest Account from country Not having VAT Starts]]>
    </line>
    <line>
      <![CDATA[chrome is Initialised]]>
    </line>
    <line>
      <![CDATA[Starting test method:CheckoutItem_Without_VAT]]>
    </line>
    <line>
      <![CDATA[Successfully opened url 'https://ecommerce-playground.lambdatest.io/index.php?route=common/home']]>
    </line>
    <line>
      <![CDATA[ Enter value : HTC Touch HD]]>
    </line>
    <line>
      <![CDATA[ Enter value : testFNhtn]]>
    </line>
    <line>
      <![CDATA[ Enter value : testLNxnu]]>
    </line>
    <line>
      <![CDATA[ Enter value : testEmailxic@test.com]]>
    </line>
    <line>
      <![CDATA[ Enter value : +359123456789]]>
    </line>
    <line>
      <![CDATA[ Enter value : CompanyTestqai]]>
    </line>
    <line>
      <![CDATA[ Enter value : address1_npf]]>
    </line>
    <line>
      <![CDATA[ Enter value : address2_bet]]>
    </line>
    <line>
      <![CDATA[ Enter value : Sofia]]>
    </line>
    <line>
      <![CDATA[ Enter value : 1111]]>
    </line>
    <line>
      <![CDATA[CheckoutItem_Without_VAT is Passed]]>
    </line>
    <line>
      <![CDATA[Purchase - Guest Account from country Not having VAT Finish]]>
    </line>
    <line>
      <![CDATA[Purchase - Guest Account from country having VAT Starts]]>
    </line>
    <line>
      <![CDATA[chrome is Initialised]]>
    </line>
    <line>
      <![CDATA[Starting test method:CheckoutItem_With_VAT]]>
    </line>
    <line>
      <![CDATA[Successfully opened url 'https://ecommerce-playground.lambdatest.io/index.php?route=common/home']]>
    </line>
    <line>
      <![CDATA[ Enter value : HTC Touch HD]]>
    </line>
    <line>
      <![CDATA[ Enter value : testFNigj]]>
    </line>
    <line>
      <![CDATA[ Enter value : testLNluw]]>
    </line>
    <line>
      <![CDATA[ Enter value : testEmailifd@test.com]]>
    </line>
    <line>
      <![CDATA[ Enter value : +359123456789]]>
    </line>
    <line>
      <![CDATA[ Enter value : CompanyTestryp]]>
    </line>
    <line>
      <![CDATA[ Enter value : address1_lwl]]>
    </line>
    <line>
      <![CDATA[ Enter value : address2_pan]]>
    </line>
    <line>
      <![CDATA[ Enter value : Sofia]]>
    </line>
    <line>
      <![CDATA[ Enter value : 1111]]>
    </line>
    <line>
      <![CDATA[Text : VAT (20%): - is Verified]]>
    </line>
    <line>
      <![CDATA[CheckoutItem_With_VAT is Passed]]>
    </line>
    <line>
      <![CDATA[Purchase - Guest Account from country having VAT Finish]]>
    </line>
    <line>
      <![CDATA[Driver quit]]>
    </line>
    <line>
      <![CDATA[Duration of Suite is : 153 sec.]]>
    </line>
  </reporter-output>
  <suite started-at="2023-01-25T17:40:45 EET" name="Suite" finished-at="2023-01-25T17:43:18 EET" duration-ms="153247">
    <groups>
    </groups>
    <test started-at="2023-01-25T17:40:45 EET" name="Home Page Tests" finished-at="2023-01-25T17:40:59 EET" duration-ms="14685">
      <class name="ShoppingTests.TESTS_HomePage">
        <test-method is-config="true" signature="beforeClass()[pri:0, instance:ShoppingTests.TESTS_HomePage@1ff4931d]" started-at="2023-01-25T17:40:45 EET" name="beforeClass" finished-at="2023-01-25T17:40:46 EET" duration-ms="1800" status="PASS">
          <reporter-output>
            <line>
              <![CDATA[chrome is Initialised]]>
            </line>
          </reporter-output>
        </test-method> <!-- beforeClass -->
        <test-method signature="t1_verify_HomePageElements()[pri:0, instance:ShoppingTests.TESTS_HomePage@1ff4931d]" started-at="2023-01-25T17:40:46 EET" name="t1_verify_HomePageElements" description="The Test verifies the main components on the Home Page" finished-at="2023-01-25T17:40:50 EET" duration-ms="3721" status="PASS">
          <reporter-output>
            <line>
              <![CDATA[Starting test method:t1_verify_HomePageElements]]>
            </line>
            <line>
              <![CDATA[Successfully opened url 'https://ecommerce-playground.lambdatest.io/index.php?route=common/home']]>
            </line>
            <line>
              <![CDATA[t1_verify_HomePageElements is Passed]]>
            </line>
          </reporter-output>
        </test-method> <!-- t1_verify_HomePageElements -->
        <test-method signature="t2_SearchField_verifyAutoSuggestResults(java.lang.String,int)[pri:0, instance:ShoppingTests.TESTS_HomePage@1ff4931d]" started-at="2023-01-25T17:40:50 EET" name="t2_SearchField_verifyAutoSuggestResults" description="This Test will enter a product in the search field and confirm auto suggested results, test is executed with 2 sets of data" data-provider="productInputs" finished-at="2023-01-25T17:40:52 EET" duration-ms="1580" status="PASS">
          <params>
            <param index="0">
              <value>
                <![CDATA[HTC Touch HD]]>
              </value>
            </param>
            <param index="1">
              <value>
                <![CDATA[5]]>
              </value>
            </param>
          </params>
          <reporter-output>
            <line>
              <![CDATA[Starting test method:t2_SearchField_verifyAutoSuggestResults]]>
            </line>
            <line>
              <![CDATA[Successfully opened url 'https://ecommerce-playground.lambdatest.io/index.php?route=common/home']]>
            </line>
            <line>
              <![CDATA[ Enter value : HTC Touch HD]]>
            </line>
            <line>
              <![CDATA[t2_SearchField_verifyAutoSuggestResults is Passed]]>
            </line>
          </reporter-output>
        </test-method> <!-- t2_SearchField_verifyAutoSuggestResults -->
        <test-method signature="t2_SearchField_verifyAutoSuggestResults(java.lang.String,int)[pri:0, instance:ShoppingTests.TESTS_HomePage@1ff4931d]" started-at="2023-01-25T17:40:52 EET" name="t2_SearchField_verifyAutoSuggestResults" description="This Test will enter a product in the search field and confirm auto suggested results, test is executed with 2 sets of data" data-provider="productInputs" finished-at="2023-01-25T17:40:53 EET" duration-ms="1566" status="PASS">
          <params>
            <param index="0">
              <value>
                <![CDATA[Palm Treo Pro]]>
              </value>
            </param>
            <param index="1">
              <value>
                <![CDATA[2]]>
              </value>
            </param>
          </params>
          <reporter-output>
            <line>
              <![CDATA[Starting test method:t2_SearchField_verifyAutoSuggestResults]]>
            </line>
            <line>
              <![CDATA[Successfully opened url 'https://ecommerce-playground.lambdatest.io/index.php?route=common/home']]>
            </line>
            <line>
              <![CDATA[ Enter value : Palm Treo Pro]]>
            </line>
            <line>
              <![CDATA[t2_SearchField_verifyAutoSuggestResults is Passed]]>
            </line>
          </reporter-output>
        </test-method> <!-- t2_SearchField_verifyAutoSuggestResults -->
        <test-method signature="t3_search_ProductInTheSearchFieldAndVerifyResults(java.lang.String,java.lang.String,int)[pri:0, instance:ShoppingTests.TESTS_HomePage@1ff4931d]" started-at="2023-01-25T17:40:53 EET" name="t3_search_ProductInTheSearchFieldAndVerifyResults" description="This test performs search product and verifies the found product" data-provider="productInputs" finished-at="2023-01-25T17:40:56 EET" duration-ms="3127" status="PASS">
          <params>
            <param index="0">
              <value>
                <![CDATA[Palm Treo Pro]]>
              </value>
            </param>
            <param index="1">
              <value>
                <![CDATA[$337.99]]>
              </value>
            </param>
            <param index="2">
              <value>
                <![CDATA[2]]>
              </value>
            </param>
          </params>
          <reporter-output>
            <line>
              <![CDATA[Starting test method:t3_search_ProductInTheSearchFieldAndVerifyResults]]>
            </line>
            <line>
              <![CDATA[Successfully opened url 'https://ecommerce-playground.lambdatest.io/index.php?route=common/home']]>
            </line>
            <line>
              <![CDATA[ Enter value : Palm Treo Pro]]>
            </line>
            <line>
              <![CDATA[t3_search_ProductInTheSearchFieldAndVerifyResults is Passed]]>
            </line>
          </reporter-output>
        </test-method> <!-- t3_search_ProductInTheSearchFieldAndVerifyResults -->
        <test-method signature="t3_search_ProductInTheSearchFieldAndVerifyResults(java.lang.String,java.lang.String,int)[pri:0, instance:ShoppingTests.TESTS_HomePage@1ff4931d]" started-at="2023-01-25T17:40:56 EET" name="t3_search_ProductInTheSearchFieldAndVerifyResults" description="This test performs search product and verifies the found product" data-provider="productInputs" finished-at="2023-01-25T17:40:59 EET" duration-ms="2560" status="PASS">
          <params>
            <param index="0">
              <value>
                <![CDATA[HTC Touch HD]]>
              </value>
            </param>
            <param index="1">
              <value>
                <![CDATA[$146.00]]>
              </value>
            </param>
            <param index="2">
              <value>
                <![CDATA[8]]>
              </value>
            </param>
          </params>
          <reporter-output>
            <line>
              <![CDATA[Starting test method:t3_search_ProductInTheSearchFieldAndVerifyResults]]>
            </line>
            <line>
              <![CDATA[Successfully opened url 'https://ecommerce-playground.lambdatest.io/index.php?route=common/home']]>
            </line>
            <line>
              <![CDATA[ Enter value : HTC Touch HD]]>
            </line>
            <line>
              <![CDATA[t3_search_ProductInTheSearchFieldAndVerifyResults is Passed]]>
            </line>
          </reporter-output>
        </test-method> <!-- t3_search_ProductInTheSearchFieldAndVerifyResults -->
        <test-method is-config="true" signature="afterClass()[pri:0, instance:ShoppingTests.TESTS_HomePage@1ff4931d]" started-at="2023-01-25T17:40:59 EET" name="afterClass" finished-at="2023-01-25T17:40:59 EET" duration-ms="295" status="PASS">
          <reporter-output>
          </reporter-output>
        </test-method> <!-- afterClass -->
      </class> <!-- ShoppingTests.TESTS_HomePage -->
    </test> <!-- Home Page Tests -->
    <test started-at="2023-01-25T17:40:59 EET" name="Login Tests" finished-at="2023-01-25T17:41:06 EET" duration-ms="6473">
      <class name="ShoppingTests.TESTS_Login">
        <test-method is-config="true" signature="beforeClass()[pri:0, instance:ShoppingTests.TESTS_Login@385e9564]" started-at="2023-01-25T17:40:59 EET" name="beforeClass" finished-at="2023-01-25T17:41:00 EET" duration-ms="1180" status="PASS">
          <reporter-output>
            <line>
              <![CDATA[chrome is Initialised]]>
            </line>
          </reporter-output>
        </test-method> <!-- beforeClass -->
        <test-method signature="t1_Login_Valid_UserCredentials()[pri:0, instance:ShoppingTests.TESTS_Login@385e9564]" started-at="2023-01-25T17:41:00 EET" name="t1_Login_Valid_UserCredentials" description="This Test performs Login with valid Credentials" finished-at="2023-01-25T17:41:05 EET" duration-ms="4109" status="PASS">
          <reporter-output>
            <line>
              <![CDATA[Starting test method:t1_Login_Valid_UserCredentials]]>
            </line>
            <line>
              <![CDATA[Successfully opened url 'https://ecommerce-playground.lambdatest.io/index.php?route=account/login']]>
            </line>
            <line>
              <![CDATA[ Enter value : plamen.tanev31@gmail.com]]>
            </line>
            <line>
              <![CDATA[ Enter value : 1234]]>
            </line>
            <line>
              <![CDATA[t1_Login_Valid_UserCredentials is Passed]]>
            </line>
          </reporter-output>
        </test-method> <!-- t1_Login_Valid_UserCredentials -->
        <test-method signature="t2_Login_Invalid_UserCredentials()[pri:0, instance:ShoppingTests.TESTS_Login@385e9564]" started-at="2023-01-25T17:41:05 EET" name="t2_Login_Invalid_UserCredentials" description="This Test performs Login with Invalid Credentials and Asserts warning message is displayed " finished-at="2023-01-25T17:41:05 EET" duration-ms="907" status="PASS">
          <reporter-output>
            <line>
              <![CDATA[Starting test method:t2_Login_Invalid_UserCredentials]]>
            </line>
            <line>
              <![CDATA[Successfully opened url 'https://ecommerce-playground.lambdatest.io/index.php?route=account/login']]>
            </line>
            <line>
              <![CDATA[ Enter value : plamen.tanev31@gmail.com]]>
            </line>
            <line>
              <![CDATA[ Enter value : 5555]]>
            </line>
            <line>
              <![CDATA[t2_Login_Invalid_UserCredentials is Passed]]>
            </line>
          </reporter-output>
        </test-method> <!-- t2_Login_Invalid_UserCredentials -->
        <test-method is-config="true" signature="afterClass()[pri:0, instance:ShoppingTests.TESTS_Login@385e9564]" started-at="2023-01-25T17:41:05 EET" name="afterClass" finished-at="2023-01-25T17:41:06 EET" duration-ms="273" status="PASS">
          <reporter-output>
          </reporter-output>
        </test-method> <!-- afterClass -->
      </class> <!-- ShoppingTests.TESTS_Login -->
    </test> <!-- Login Tests -->
    <test started-at="2023-01-25T17:41:06 EET" name="Purchase with logged user test" finished-at="2023-01-25T17:41:27 EET" duration-ms="21037">
      <class name="ShoppingTests.TESTS_PurchaseWithLoggedUser">
        <test-method is-config="true" signature="beforeClass()[pri:0, instance:ShoppingTests.TESTS_PurchaseWithLoggedUser@1e178745]" started-at="2023-01-25T17:41:06 EET" name="beforeClass" finished-at="2023-01-25T17:41:07 EET" duration-ms="973" status="PASS">
          <reporter-output>
            <line>
              <![CDATA[chrome is Initialised]]>
            </line>
          </reporter-output>
        </test-method> <!-- beforeClass -->
        <test-method signature="LoginAndPurchase()[pri:0, instance:ShoppingTests.TESTS_PurchaseWithLoggedUser@1e178745]" started-at="2023-01-25T17:41:07 EET" name="LoginAndPurchase" description="This Test performs Login with valid Credentials and then select item for purhcase and checkout" finished-at="2023-01-25T17:41:26 EET" duration-ms="19778" status="PASS">
          <reporter-output>
            <line>
              <![CDATA[Starting test method:LoginAndPurchase]]>
            </line>
            <line>
              <![CDATA[Successfully opened url 'https://ecommerce-playground.lambdatest.io/index.php?route=account/login']]>
            </line>
            <line>
              <![CDATA[ Enter value : HTC Touch HD]]>
            </line>
            <line>
              <![CDATA[ Enter value : testFNdpz]]>
            </line>
            <line>
              <![CDATA[ Enter value : testLNdlv]]>
            </line>
            <line>
              <![CDATA[ Enter value : testEmailobk@test.com]]>
            </line>
            <line>
              <![CDATA[ Enter value : +359123456789]]>
            </line>
            <line>
              <![CDATA[ Enter value : 1234]]>
            </line>
            <line>
              <![CDATA[ Enter value : 1234]]>
            </line>
            <line>
              <![CDATA[ Enter value : CompanyTestwts]]>
            </line>
            <line>
              <![CDATA[ Enter value : address1_buz]]>
            </line>
            <line>
              <![CDATA[ Enter value : address2_oxj]]>
            </line>
            <line>
              <![CDATA[ Enter value : Sofia]]>
            </line>
            <line>
              <![CDATA[ Enter value : 1111]]>
            </line>
            <line>
              <![CDATA[Text : VAT (20%): - is Verified]]>
            </line>
            <line>
              <![CDATA[LoginAndPurchase is Passed]]>
            </line>
          </reporter-output>
        </test-method> <!-- LoginAndPurchase -->
        <test-method is-config="true" signature="afterClass()[pri:0, instance:ShoppingTests.TESTS_PurchaseWithLoggedUser@1e178745]" started-at="2023-01-25T17:41:26 EET" name="afterClass" finished-at="2023-01-25T17:41:27 EET" duration-ms="283" status="PASS">
          <reporter-output>
          </reporter-output>
        </test-method> <!-- afterClass -->
      </class> <!-- ShoppingTests.TESTS_PurchaseWithLoggedUser -->
    </test> <!-- Purchase with logged user test -->
    <test started-at="2023-01-25T17:41:27 EET" name="Add / Remove Items tests" finished-at="2023-01-25T17:41:39 EET" duration-ms="12598">
      <class name="ShoppingTests.TESTS_ShoppingCartAddRemoveItems">
        <test-method is-config="true" signature="beforeClass()[pri:0, instance:ShoppingTests.TESTS_ShoppingCartAddRemoveItems@49e5f737]" started-at="2023-01-25T17:41:27 EET" name="beforeClass" finished-at="2023-01-25T17:41:28 EET" duration-ms="1067" status="PASS">
          <reporter-output>
            <line>
              <![CDATA[chrome is Initialised]]>
            </line>
          </reporter-output>
        </test-method> <!-- beforeClass -->
        <test-method signature="t1_shoppingCartVerificationAndRemoveProducts(java.lang.String,java.lang.String,java.lang.String,java.lang.String,java.lang.String)[pri:0, instance:ShoppingTests.TESTS_ShoppingCartAddRemoveItems@49e5f737]" started-at="2023-01-25T17:41:28 EET" name="t1_shoppingCartVerificationAndRemoveProducts" description="This test performs search product and verifies the found product" data-provider="productInputs" finished-at="2023-01-25T17:41:34 EET" duration-ms="6247" status="PASS">
          <params>
            <param index="0">
              <value>
                <![CDATA[HTC Touch HD]]>
              </value>
            </param>
            <param index="1">
              <value>
                <![CDATA[Product 1]]>
              </value>
            </param>
            <param index="2">
              <value>
                <![CDATA[1]]>
              </value>
            </param>
            <param index="3">
              <value>
                <![CDATA[$146.00]]>
              </value>
            </param>
            <param index="4">
              <value>
                <![CDATA[$146.00]]>
              </value>
            </param>
          </params>
          <reporter-output>
            <line>
              <![CDATA[Starting test method:t1_shoppingCartVerificationAndRemoveProducts]]>
            </line>
            <line>
              <![CDATA[Successfully opened url 'https://ecommerce-playground.lambdatest.io/index.php?route=common/home']]>
            </line>
            <line>
              <![CDATA[ Enter value : HTC Touch HD]]>
            </line>
            <line>
              <![CDATA[Text : Checkout - is Verified]]>
            </line>
            <line>
              <![CDATA[Text : View Cart - is Verified]]>
            </line>
            <line>
              <![CDATA[Page title  is Verified]]>
            </line>
            <line>
              <![CDATA[Text : IMAGE - is Verified]]>
            </line>
            <line>
              <![CDATA[Text : PRODUCT NAME - is Verified]]>
            </line>
            <line>
              <![CDATA[Text : MODEL - is Verified]]>
            </line>
            <line>
              <![CDATA[Text : QUANTITY - is Verified]]>
            </line>
            <line>
              <![CDATA[Text : UNIT PRICE - is Verified]]>
            </line>
            <line>
              <![CDATA[Text : TOTAL - is Verified]]>
            </line>
            <line>
              <![CDATA[t1_shoppingCartVerificationAndRemoveProducts is Passed]]>
            </line>
          </reporter-output>
        </test-method> <!-- t1_shoppingCartVerificationAndRemoveProducts -->
        <test-method signature="t2_shopingCart_AddMultipleItemsVerification()[pri:0, instance:ShoppingTests.TESTS_ShoppingCartAddRemoveItems@49e5f737]" started-at="2023-01-25T17:41:34 EET" name="t2_shopingCart_AddMultipleItemsVerification" description="This test performs search product and verifies the found product" finished-at="2023-01-25T17:41:39 EET" duration-ms="4952" status="PASS">
          <reporter-output>
            <line>
              <![CDATA[Starting test method:t2_shopingCart_AddMultipleItemsVerification]]>
            </line>
            <line>
              <![CDATA[Successfully opened url 'https://ecommerce-playground.lambdatest.io/index.php?route=common/home']]>
            </line>
            <line>
              <![CDATA[ Enter value : HTC Touch HD]]>
            </line>
            <line>
              <![CDATA[t2_shopingCart_AddMultipleItemsVerification is Passed]]>
            </line>
          </reporter-output>
        </test-method> <!-- t2_shopingCart_AddMultipleItemsVerification -->
        <test-method is-config="true" signature="afterClass()[pri:0, instance:ShoppingTests.TESTS_ShoppingCartAddRemoveItems@49e5f737]" started-at="2023-01-25T17:41:39 EET" name="afterClass" finished-at="2023-01-25T17:41:39 EET" duration-ms="328" status="PASS">
          <reporter-output>
          </reporter-output>
        </test-method> <!-- afterClass -->
      </class> <!-- ShoppingTests.TESTS_ShoppingCartAddRemoveItems -->
    </test> <!-- Add / Remove Items tests -->
    <test started-at="2023-01-25T17:41:39 EET" name="Purchase - Registered Account from country having VAT" finished-at="2023-01-25T17:42:00 EET" duration-ms="20823">
      <class name="ShoppingTests.TESTS_PurchaseRegisteredAccount_VAT">
        <test-method is-config="true" signature="beforeClass()[pri:0, instance:ShoppingTests.TESTS_PurchaseRegisteredAccount_VAT@37271612]" started-at="2023-01-25T17:41:39 EET" name="beforeClass" finished-at="2023-01-25T17:41:41 EET" duration-ms="1244" status="PASS">
          <reporter-output>
            <line>
              <![CDATA[chrome is Initialised]]>
            </line>
          </reporter-output>
        </test-method> <!-- beforeClass -->
        <test-method signature="CheckoutItem_With_VAT()[pri:0, instance:ShoppingTests.TESTS_PurchaseRegisteredAccount_VAT@37271612]" started-at="2023-01-25T17:41:41 EET" name="CheckoutItem_With_VAT" description="This test search for product then do a checkout by selection of country with VAT" finished-at="2023-01-25T17:42:00 EET" duration-ms="19203" status="PASS">
          <reporter-output>
            <line>
              <![CDATA[Starting test method:CheckoutItem_With_VAT]]>
            </line>
            <line>
              <![CDATA[Successfully opened url 'https://ecommerce-playground.lambdatest.io/index.php?route=common/home']]>
            </line>
            <line>
              <![CDATA[ Enter value : HTC Touch HD]]>
            </line>
            <line>
              <![CDATA[ Enter value : testFNktc]]>
            </line>
            <line>
              <![CDATA[ Enter value : testLNgom]]>
            </line>
            <line>
              <![CDATA[ Enter value : testEmailxxk@test.com]]>
            </line>
            <line>
              <![CDATA[ Enter value : +359123456789]]>
            </line>
            <line>
              <![CDATA[ Enter value : 1234]]>
            </line>
            <line>
              <![CDATA[ Enter value : 1234]]>
            </line>
            <line>
              <![CDATA[ Enter value : CompanyTestdud]]>
            </line>
            <line>
              <![CDATA[ Enter value : address1_prr]]>
            </line>
            <line>
              <![CDATA[ Enter value : address2_hmr]]>
            </line>
            <line>
              <![CDATA[ Enter value : Sofia]]>
            </line>
            <line>
              <![CDATA[ Enter value : 1111]]>
            </line>
            <line>
              <![CDATA[Text : VAT (20%): - is Verified]]>
            </line>
            <line>
              <![CDATA[CheckoutItem_With_VAT is Passed]]>
            </line>
          </reporter-output>
        </test-method> <!-- CheckoutItem_With_VAT -->
        <test-method is-config="true" signature="afterClass()[pri:0, instance:ShoppingTests.TESTS_PurchaseRegisteredAccount_VAT@37271612]" started-at="2023-01-25T17:42:00 EET" name="afterClass" finished-at="2023-01-25T17:42:00 EET" duration-ms="375" status="PASS">
          <reporter-output>
          </reporter-output>
        </test-method> <!-- afterClass -->
      </class> <!-- ShoppingTests.TESTS_PurchaseRegisteredAccount_VAT -->
    </test> <!-- Purchase - Registered Account from country having VAT -->
    <test started-at="2023-01-25T17:42:00 EET" name="Purchase - Registered Account from country Not having VAT" finished-at="2023-01-25T17:42:29 EET" duration-ms="29141">
      <class name="ShoppingTests.TESTS_PurchaseRegisteredAccount_NO_VAT">
        <test-method is-config="true" signature="beforeClass()[pri:0, instance:ShoppingTests.TESTS_PurchaseRegisteredAccount_NO_VAT@77f80c04]" started-at="2023-01-25T17:42:00 EET" name="beforeClass" finished-at="2023-01-25T17:42:01 EET" duration-ms="1126" status="PASS">
          <reporter-output>
            <line>
              <![CDATA[chrome is Initialised]]>
            </line>
          </reporter-output>
        </test-method> <!-- beforeClass -->
        <test-method signature="CheckoutItem_Without_VAT()[pri:0, instance:ShoppingTests.TESTS_PurchaseRegisteredAccount_NO_VAT@77f80c04]" started-at="2023-01-25T17:42:01 EET" name="CheckoutItem_Without_VAT" description="This test search for product then do a checkout by selection of country without VAT" finished-at="2023-01-25T17:42:29 EET" duration-ms="27650" status="PASS">
          <reporter-output>
            <line>
              <![CDATA[Starting test method:CheckoutItem_Without_VAT]]>
            </line>
            <line>
              <![CDATA[Successfully opened url 'https://ecommerce-playground.lambdatest.io/index.php?route=common/home']]>
            </line>
            <line>
              <![CDATA[ Enter value : HTC Touch HD]]>
            </line>
            <line>
              <![CDATA[ Enter value : testFNklt]]>
            </line>
            <line>
              <![CDATA[ Enter value : testLNvxr]]>
            </line>
            <line>
              <![CDATA[ Enter value : testEmailmts@test.com]]>
            </line>
            <line>
              <![CDATA[ Enter value : +359123456789]]>
            </line>
            <line>
              <![CDATA[ Enter value : 1234]]>
            </line>
            <line>
              <![CDATA[ Enter value : 1234]]>
            </line>
            <line>
              <![CDATA[ Enter value : CompanyTestnrv]]>
            </line>
            <line>
              <![CDATA[ Enter value : address1_ocn]]>
            </line>
            <line>
              <![CDATA[ Enter value : address2_otl]]>
            </line>
            <line>
              <![CDATA[ Enter value : Sofia]]>
            </line>
            <line>
              <![CDATA[ Enter value : 1111]]>
            </line>
            <line>
              <![CDATA[CheckoutItem_Without_VAT is Passed]]>
            </line>
          </reporter-output>
        </test-method> <!-- CheckoutItem_Without_VAT -->
        <test-method is-config="true" signature="afterClass()[pri:0, instance:ShoppingTests.TESTS_PurchaseRegisteredAccount_NO_VAT@77f80c04]" started-at="2023-01-25T17:42:29 EET" name="afterClass" finished-at="2023-01-25T17:42:29 EET" duration-ms="363" status="PASS">
          <reporter-output>
          </reporter-output>
        </test-method> <!-- afterClass -->
      </class> <!-- ShoppingTests.TESTS_PurchaseRegisteredAccount_NO_VAT -->
    </test> <!-- Purchase - Registered Account from country Not having VAT -->
    <test started-at="2023-01-25T17:42:29 EET" name="Purchase - Guest Account from country Not having VAT" finished-at="2023-01-25T17:42:59 EET" duration-ms="29403">
      <class name="ShoppingTests.TESTS_PurchaseGuest_NO_VAT">
        <test-method is-config="true" signature="beforeClass()[pri:0, instance:ShoppingTests.TESTS_PurchaseGuest_NO_VAT@63070bab]" started-at="2023-01-25T17:42:29 EET" name="beforeClass" finished-at="2023-01-25T17:42:30 EET" duration-ms="1153" status="PASS">
          <reporter-output>
            <line>
              <![CDATA[chrome is Initialised]]>
            </line>
          </reporter-output>
        </test-method> <!-- beforeClass -->
        <test-method signature="CheckoutItem_Without_VAT()[pri:0, instance:ShoppingTests.TESTS_PurchaseGuest_NO_VAT@63070bab]" started-at="2023-01-25T17:42:30 EET" name="CheckoutItem_Without_VAT" description="This test search for product then do a checkout by selection of country without VAT" finished-at="2023-01-25T17:42:58 EET" duration-ms="27849" status="PASS">
          <reporter-output>
            <line>
              <![CDATA[Starting test method:CheckoutItem_Without_VAT]]>
            </line>
            <line>
              <![CDATA[Successfully opened url 'https://ecommerce-playground.lambdatest.io/index.php?route=common/home']]>
            </line>
            <line>
              <![CDATA[ Enter value : HTC Touch HD]]>
            </line>
            <line>
              <![CDATA[ Enter value : testFNhtn]]>
            </line>
            <line>
              <![CDATA[ Enter value : testLNxnu]]>
            </line>
            <line>
              <![CDATA[ Enter value : testEmailxic@test.com]]>
            </line>
            <line>
              <![CDATA[ Enter value : +359123456789]]>
            </line>
            <line>
              <![CDATA[ Enter value : CompanyTestqai]]>
            </line>
            <line>
              <![CDATA[ Enter value : address1_npf]]>
            </line>
            <line>
              <![CDATA[ Enter value : address2_bet]]>
            </line>
            <line>
              <![CDATA[ Enter value : Sofia]]>
            </line>
            <line>
              <![CDATA[ Enter value : 1111]]>
            </line>
            <line>
              <![CDATA[CheckoutItem_Without_VAT is Passed]]>
            </line>
          </reporter-output>
        </test-method> <!-- CheckoutItem_Without_VAT -->
        <test-method is-config="true" signature="afterClass()[pri:0, instance:ShoppingTests.TESTS_PurchaseGuest_NO_VAT@63070bab]" started-at="2023-01-25T17:42:58 EET" name="afterClass" finished-at="2023-01-25T17:42:59 EET" duration-ms="399" status="PASS">
          <reporter-output>
          </reporter-output>
        </test-method> <!-- afterClass -->
      </class> <!-- ShoppingTests.TESTS_PurchaseGuest_NO_VAT -->
    </test> <!-- Purchase - Guest Account from country Not having VAT -->
    <test started-at="2023-01-25T17:42:59 EET" name="Purchase - Guest Account from country having VAT" finished-at="2023-01-25T17:43:18 EET" duration-ms="19005">
      <class name="ShoppingTests.TESTS_PurchaseGuest_VAT">
        <test-method is-config="true" signature="beforeSuite()[pri:0, instance:ShoppingTests.TESTS_PurchaseGuest_VAT@424e1977]" started-at="2023-01-25T17:40:44 EET" name="beforeSuite" finished-at="2023-01-25T17:40:45 EET" duration-ms="11" status="PASS">
          <reporter-output>
            <line>
              <![CDATA[]]>
            </line>
          </reporter-output>
        </test-method> <!-- beforeSuite -->
        <test-method is-config="true" signature="beforeClass()[pri:0, instance:ShoppingTests.TESTS_PurchaseGuest_VAT@424e1977]" started-at="2023-01-25T17:42:59 EET" name="beforeClass" finished-at="2023-01-25T17:43:00 EET" duration-ms="1205" status="PASS">
          <reporter-output>
            <line>
              <![CDATA[chrome is Initialised]]>
            </line>
          </reporter-output>
        </test-method> <!-- beforeClass -->
        <test-method signature="CheckoutItem_With_VAT()[pri:0, instance:ShoppingTests.TESTS_PurchaseGuest_VAT@424e1977]" started-at="2023-01-25T17:43:00 EET" name="CheckoutItem_With_VAT" description="This test search for product then do a checkout by selection of country with VAT" finished-at="2023-01-25T17:43:17 EET" duration-ms="17497" status="PASS">
          <reporter-output>
            <line>
              <![CDATA[Starting test method:CheckoutItem_With_VAT]]>
            </line>
            <line>
              <![CDATA[Successfully opened url 'https://ecommerce-playground.lambdatest.io/index.php?route=common/home']]>
            </line>
            <line>
              <![CDATA[ Enter value : HTC Touch HD]]>
            </line>
            <line>
              <![CDATA[ Enter value : testFNigj]]>
            </line>
            <line>
              <![CDATA[ Enter value : testLNluw]]>
            </line>
            <line>
              <![CDATA[ Enter value : testEmailifd@test.com]]>
            </line>
            <line>
              <![CDATA[ Enter value : +359123456789]]>
            </line>
            <line>
              <![CDATA[ Enter value : CompanyTestryp]]>
            </line>
            <line>
              <![CDATA[ Enter value : address1_lwl]]>
            </line>
            <line>
              <![CDATA[ Enter value : address2_pan]]>
            </line>
            <line>
              <![CDATA[ Enter value : Sofia]]>
            </line>
            <line>
              <![CDATA[ Enter value : 1111]]>
            </line>
            <line>
              <![CDATA[Text : VAT (20%): - is Verified]]>
            </line>
            <line>
              <![CDATA[CheckoutItem_With_VAT is Passed]]>
            </line>
          </reporter-output>
        </test-method> <!-- CheckoutItem_With_VAT -->
        <test-method is-config="true" signature="afterClass()[pri:0, instance:ShoppingTests.TESTS_PurchaseGuest_VAT@424e1977]" started-at="2023-01-25T17:43:17 EET" name="afterClass" finished-at="2023-01-25T17:43:18 EET" duration-ms="301" status="PASS">
          <reporter-output>
          </reporter-output>
        </test-method> <!-- afterClass -->
        <test-method is-config="true" signature="afterSuite()[pri:0, instance:ShoppingTests.TESTS_PurchaseGuest_VAT@424e1977]" started-at="2023-01-25T17:43:18 EET" name="afterSuite" finished-at="2023-01-25T17:43:18 EET" duration-ms="1" status="PASS">
          <reporter-output>
            <line>
              <![CDATA[Driver quit]]>
            </line>
            <line>
              <![CDATA[Duration of Suite is : 153 sec.]]>
            </line>
          </reporter-output>
        </test-method> <!-- afterSuite -->
      </class> <!-- ShoppingTests.TESTS_PurchaseGuest_VAT -->
    </test> <!-- Purchase - Guest Account from country having VAT -->
  </suite> <!-- Suite -->
</testng-results>
