<?xml version="1.0" encoding="UTF-8"?>
<testng-results ignored="1" total="2" passed="1" failed="0" skipped="0">
  <reporter-output>
    <line>
      <![CDATA[]]>
    </line>
    <line>
      <![CDATA[chrome is Initialised]]>
    </line>
    <line>
      <![CDATA[Successfully opened url 'https://ecommerce-playground.lambdatest.io/index.php?route=common/home']]>
    </line>
    <line>
      <![CDATA[ Enter value : HTC Touch HD]]>
    </line>
    <line>
      <![CDATA[Text : Checkout - is Verified]]>
    </line>
    <line>
      <![CDATA[Text : View Cart - is Verified]]>
    </line>
    <line>
      <![CDATA[Page title  is Verified]]>
    </line>
    <line>
      <![CDATA[Text : IMAGE - is Verified]]>
    </line>
    <line>
      <![CDATA[Text : PRODUCT NAME - is Verified]]>
    </line>
    <line>
      <![CDATA[Text : MODEL - is Verified]]>
    </line>
    <line>
      <![CDATA[Text : QUANTITY - is Verified]]>
    </line>
    <line>
      <![CDATA[Text : UNIT PRICE - is Verified]]>
    </line>
    <line>
      <![CDATA[Text : TOTAL - is Verified]]>
    </line>
    <line>
      <![CDATA[Driver quit]]>
    </line>
    <line>
      <![CDATA[Duration of Suite is : 14 sec.]]>
    </line>
  </reporter-output>
  <suite started-at="2023-01-26T10:31:56 EET" name="Default suite" finished-at="2023-01-26T10:32:11 EET" duration-ms="14896">
    <groups>
    </groups>
    <test started-at="2023-01-26T10:31:56 EET" name="Default test" finished-at="2023-01-26T10:32:11 EET" duration-ms="14896">
      <class name="ShoppingTests.TESTS_ShoppingCartAddRemoveItems">
        <test-method is-config="true" signature="beforeSuite()[pri:0, instance:ShoppingTests.TESTS_ShoppingCartAddRemoveItems@4466af20]" started-at="2023-01-26T10:31:56 EET" name="beforeSuite" finished-at="2023-01-26T10:31:56 EET" duration-ms="14" status="PASS">
          <reporter-output>
            <line>
              <![CDATA[]]>
            </line>
          </reporter-output>
        </test-method> <!-- beforeSuite -->
        <test-method is-config="true" signature="beforeClass()[pri:0, instance:ShoppingTests.TESTS_ShoppingCartAddRemoveItems@4466af20]" started-at="2023-01-26T10:31:56 EET" name="beforeClass" finished-at="2023-01-26T10:32:01 EET" duration-ms="4227" status="PASS">
          <reporter-output>
            <line>
              <![CDATA[chrome is Initialised]]>
            </line>
          </reporter-output>
        </test-method> <!-- beforeClass -->
        <test-method signature="t1_shoppingCartVerificationAndRemoveProducts(java.lang.String,java.lang.String,java.lang.String,java.lang.String,java.lang.String)[pri:0, instance:ShoppingTests.TESTS_ShoppingCartAddRemoveItems@4466af20]" started-at="2023-01-26T10:32:01 EET" name="t1_shoppingCartVerificationAndRemoveProducts" description="This test performs search product and verifies the found product" data-provider="productInputs" finished-at="2023-01-26T10:32:11 EET" duration-ms="10028" status="PASS">
          <params>
            <param index="0">
              <value>
                <![CDATA[HTC Touch HD]]>
              </value>
            </param>
            <param index="1">
              <value>
                <![CDATA[Product 1]]>
              </value>
            </param>
            <param index="2">
              <value>
                <![CDATA[1]]>
              </value>
            </param>
            <param index="3">
              <value>
                <![CDATA[$146.00]]>
              </value>
            </param>
            <param index="4">
              <value>
                <![CDATA[$146.00]]>
              </value>
            </param>
          </params>
          <reporter-output>
            <line>
              <![CDATA[Successfully opened url 'https://ecommerce-playground.lambdatest.io/index.php?route=common/home']]>
            </line>
            <line>
              <![CDATA[ Enter value : HTC Touch HD]]>
            </line>
            <line>
              <![CDATA[Text : Checkout - is Verified]]>
            </line>
            <line>
              <![CDATA[Text : View Cart - is Verified]]>
            </line>
            <line>
              <![CDATA[Page title  is Verified]]>
            </line>
            <line>
              <![CDATA[Text : IMAGE - is Verified]]>
            </line>
            <line>
              <![CDATA[Text : PRODUCT NAME - is Verified]]>
            </line>
            <line>
              <![CDATA[Text : MODEL - is Verified]]>
            </line>
            <line>
              <![CDATA[Text : QUANTITY - is Verified]]>
            </line>
            <line>
              <![CDATA[Text : UNIT PRICE - is Verified]]>
            </line>
            <line>
              <![CDATA[Text : TOTAL - is Verified]]>
            </line>
          </reporter-output>
        </test-method> <!-- t1_shoppingCartVerificationAndRemoveProducts -->
        <test-method is-config="true" signature="afterClass()[pri:0, instance:ShoppingTests.TESTS_ShoppingCartAddRemoveItems@4466af20]" started-at="2023-01-26T10:32:11 EET" name="afterClass" finished-at="2023-01-26T10:32:11 EET" duration-ms="571" status="PASS">
          <reporter-output>
          </reporter-output>
        </test-method> <!-- afterClass -->
        <test-method is-config="true" signature="afterSuite()[pri:0, instance:ShoppingTests.TESTS_ShoppingCartAddRemoveItems@4466af20]" started-at="2023-01-26T10:32:11 EET" name="afterSuite" finished-at="2023-01-26T10:32:11 EET" duration-ms="0" status="PASS">
          <reporter-output>
            <line>
              <![CDATA[Driver quit]]>
            </line>
            <line>
              <![CDATA[Duration of Suite is : 14 sec.]]>
            </line>
          </reporter-output>
        </test-method> <!-- afterSuite -->
      </class> <!-- ShoppingTests.TESTS_ShoppingCartAddRemoveItems -->
    </test> <!-- Default test -->
  </suite> <!-- Default suite -->
</testng-results>
