<?xml version="1.0" encoding="UTF-8"?>
<!-- Generated by org.testng.reporters.JUnitXMLReporter -->
<testsuite ignored="1" hostname="NUV-5CG1152V3W" failures="0" tests="5" name="Home Page Tests" time="23.604" errors="0" timestamp="2023-01-25T21:24:39 EET">
  <testcase classname="ShoppingTests.TESTS_HomePage" name="t1_verify_HomePageElements" time="5.301"/>
  <testcase classname="ShoppingTests.TESTS_HomePage" name="t2_SearchField_verifyAutoSuggestResults" time="2.48"/>
  <testcase classname="ShoppingTests.TESTS_HomePage" name="t2_SearchField_verifyAutoSuggestResults" time="2.28"/>
  <testcase classname="ShoppingTests.TESTS_HomePage" name="t3_search_ProductInTheSearchFieldAndVerifyResults" time="5.142"/>
  <testcase classname="ShoppingTests.TESTS_HomePage" name="t3_search_ProductInTheSearchFieldAndVerifyResults" time="4.639"/>
  <testcase classname="ShoppingTests.TESTS_HomePage" name="t5" time="0.0">
    <ignored/>
  </testcase> <!-- t5 -->
</testsuite> <!-- Home Page Tests -->
