<?xml version="1.0" encoding="UTF-8"?>
<!-- Generated by org.testng.reporters.JUnitXMLReporter -->
<testsuite ignored="2" hostname="NUV-5CG1152V3W" failures="0" tests="1" name="Default test" time="21.478" errors="0" timestamp="2023-01-25T17:38:51 EET">
  <testcase classname="ShoppingTests.TESTS_PurchaseGUEST_VAT" name="CheckoutItem_With_VAT" time="19.309"/>
  <testcase classname="ShoppingTests.TESTS_PurchaseGUEST_VAT" name="ggg" time="0.0">
    <ignored/>
  </testcase> <!-- ggg -->
  <testcase classname="ShoppingTests.TESTS_PurchaseGUEST_VAT" name="TBD" time="0.0">
    <ignored/>
  </testcase> <!-- TBD -->
</testsuite> <!-- Default test -->
