<?xml version="1.0" encoding="UTF-8"?>
<!-- Generated by org.testng.reporters.JUnitXMLReporter -->
<testsuite ignored="1" hostname="NUV-5CG1152V3W" failures="0" tests="1" name="Default test" time="14.896" errors="0" timestamp="2023-01-26T10:32:11 EET">
  <testcase classname="ShoppingTests.TESTS_ShoppingCartAddRemoveItems" name="t1_shoppingCartVerificationAndRemoveProducts" time="10.028"/>
  <testcase classname="ShoppingTests.TESTS_ShoppingCartAddRemoveItems" name="t2_shopingCart_AddMultipleItemsVerification" time="0.0">
    <ignored/>
  </testcase> <!-- t2_shopingCart_AddMultipleItemsVerification -->
</testsuite> <!-- Default test -->
